<?xml version="1.0" encoding="UTF-8"?>
<testsuite name="Game.MainTest" tests="2" skipped="0" failures="0" errors="0" timestamp="2019-04-28T20:30:18" hostname="dmn" time="0.005">
  <properties/>
  <testcase name="mainMethodCorrectInput" classname="Game.MainTest" time="0.004"/>
  <testcase name="mainMethodTestWrongInput" classname="Game.MainTest" time="0.0"/>
  <system-out><![CDATA[]]></system-out>
  <system-err><![CDATA[]]></system-err>
</testsuite>
