<?xml version="1.0" encoding="UTF-8"?>
<testsuite name="Game.CheckFourTestTest" tests="7" skipped="0" failures="0" errors="0" timestamp="2019-04-28T20:30:19" hostname="dmn" time="0.026">
  <properties/>
  <testcase name="checkForVerticalPositive([[Ljava.lang.Object;@be19d8a, [Ljava.lang.Object;@43ac5063, [Ljava.lang.Object;@3b9ae483, [Ljava.lang.Object;@57c8eccc, [Ljava.lang.Object;@50c22672, [Ljava.lang.Object;@714c4b41, [Ljava.lang.Object;@1d9e1717, [Ljava.lang.Object;@d2026e4, [Ljava.lang.Object;@4c907084, [Ljava.lang.Object;@5f153c14, [Ljava.lang.Object;@325ebe4e, [Ljava.lang.Object;@3ec5a9e7, [Ljava.lang.Object;@719efaeb, [Ljava.lang.Object;@79d8d50, [Ljava.lang.Object;@40f6ef23, [Ljava.lang.Object;@53efec4b, [Ljava.lang.Object;@55a00d7f, [Ljava.lang.Object;@3ebcfd96, [Ljava.lang.Object;@49449295, [Ljava.lang.Object;@65e5b242, [Ljava.lang.Object;@307b9074]) [0]" classname="Game.CheckFourTestTest" time="0.014"/>
  <testcase name="checkForDiagonalPositive([[Ljava.lang.Object;@69729ba0, [Ljava.lang.Object;@44f6c21, [Ljava.lang.Object;@4cf0b948, [Ljava.lang.Object;@20646892, [Ljava.lang.Object;@5db648a5, [Ljava.lang.Object;@22e71956, [Ljava.lang.Object;@6b94cebb, [Ljava.lang.Object;@68370ba3, [Ljava.lang.Object;@7ab9560, [Ljava.lang.Object;@1d1c116a, [Ljava.lang.Object;@50b0f564, [Ljava.lang.Object;@a96c2, [Ljava.lang.Object;@5b510336, [Ljava.lang.Object;@26bbde77, [Ljava.lang.Object;@71f71411, [Ljava.lang.Object;@251f206b, [Ljava.lang.Object;@7684df4d, [Ljava.lang.Object;@e34ef8c, [Ljava.lang.Object;@47aa25c7, [Ljava.lang.Object;@1b6a5921, [Ljava.lang.Object;@4bc493b6, [Ljava.lang.Object;@62254dcd, [Ljava.lang.Object;@7437d853, [Ljava.lang.Object;@3ddd34a5, [Ljava.lang.Object;@526b598b, [Ljava.lang.Object;@1a683d2e, [Ljava.lang.Object;@50d78b70, [Ljava.lang.Object;@4fbe5d3, [Ljava.lang.Object;@c5443c6, [Ljava.lang.Object;@578e8e2f, [Ljava.lang.Object;@3bee03a5, [Ljava.lang.Object;@60e0bc76, [Ljava.lang.Object;@4e0489df]) [0]" classname="Game.CheckFourTestTest" time="0.003"/>
  <testcase name="checkForVerticalNegative([[Ljava.lang.Object;@6dd899c6, [Ljava.lang.Object;@26e05cf3, [Ljava.lang.Object;@43865755, [Ljava.lang.Object;@2926648b, [Ljava.lang.Object;@19cec0, [Ljava.lang.Object;@243a1df4, [Ljava.lang.Object;@5577cad9, [Ljava.lang.Object;@4fefeec0, [Ljava.lang.Object;@1ce4633, [Ljava.lang.Object;@756f2e43, [Ljava.lang.Object;@1e250335, [Ljava.lang.Object;@2e8c77df, [Ljava.lang.Object;@5d0053e3, [Ljava.lang.Object;@51117336, [Ljava.lang.Object;@671bee8a]) [0]" classname="Game.CheckFourTestTest" time="0.002"/>
  <testcase name="checkForDiagonalNegative([[Ljava.lang.Object;@2a645f39, [Ljava.lang.Object;@75a48edd, [Ljava.lang.Object;@2ff6cb9c, [Ljava.lang.Object;@17210f56, [Ljava.lang.Object;@1fb4071c, [Ljava.lang.Object;@4e37b051, [Ljava.lang.Object;@57843820, [Ljava.lang.Object;@48c0d639, [Ljava.lang.Object;@77f3b4da, [Ljava.lang.Object;@4b5274d, [Ljava.lang.Object;@72865ac3, [Ljava.lang.Object;@3cb93bb4, [Ljava.lang.Object;@56860d9d, [Ljava.lang.Object;@7ba4c74f, [Ljava.lang.Object;@3bb4caba, [Ljava.lang.Object;@4e2522e3, [Ljava.lang.Object;@28a9245f, [Ljava.lang.Object;@75ea00ba, [Ljava.lang.Object;@6816e5a7, [Ljava.lang.Object;@f43f07c, [Ljava.lang.Object;@6ea9b617, [Ljava.lang.Object;@4be394a8, [Ljava.lang.Object;@14877bae, [Ljava.lang.Object;@4d7a952, [Ljava.lang.Object;@276daed1, [Ljava.lang.Object;@707c3840]) [0]" classname="Game.CheckFourTestTest" time="0.001"/>
  <testcase name="checkForHorizontalPositive([[Ljava.lang.Object;@5f0967ea, [Ljava.lang.Object;@66adc860, [Ljava.lang.Object;@2cfcf942, [Ljava.lang.Object;@3dd37aa5, [Ljava.lang.Object;@29f16cc2, [Ljava.lang.Object;@21175f54, [Ljava.lang.Object;@6aea94dd, [Ljava.lang.Object;@4ccacd77, [Ljava.lang.Object;@6e7f2f50, [Ljava.lang.Object;@75893034, [Ljava.lang.Object;@4bfb0e24, [Ljava.lang.Object;@5140d359, [Ljava.lang.Object;@46d2738e, [Ljava.lang.Object;@7ae6f3f0, [Ljava.lang.Object;@69ff48a6, [Ljava.lang.Object;@3e7284db, [Ljava.lang.Object;@6b69ce98, [Ljava.lang.Object;@26ddc976]) [0]" classname="Game.CheckFourTestTest" time="0.001"/>
  <testcase name="checkForHorizontalNegative([[Ljava.lang.Object;@35f41f73, [Ljava.lang.Object;@1f0a114a, [Ljava.lang.Object;@3a32113d, [Ljava.lang.Object;@72ece974, [Ljava.lang.Object;@67767fdd]) [0]" classname="Game.CheckFourTestTest" time="0.0"/>
  <testcase name="checkFourTestNegative([[Ljava.lang.Object;@2839b238, [Ljava.lang.Object;@2a8e5fb, [Ljava.lang.Object;@179a1b93, [Ljava.lang.Object;@43c6062a, [Ljava.lang.Object;@260bc418, [Ljava.lang.Object;@63496a1f, [Ljava.lang.Object;@24c8a366, [Ljava.lang.Object;@57cc1683, [Ljava.lang.Object;@2f1f3366, [Ljava.lang.Object;@72ead08, [Ljava.lang.Object;@661cfd18, [Ljava.lang.Object;@51538756, [Ljava.lang.Object;@7810a19, [Ljava.lang.Object;@7535a10c, [Ljava.lang.Object;@7440768f]) [0]" classname="Game.CheckFourTestTest" time="0.001"/>
  <system-out><![CDATA[]]></system-out>
  <system-err><![CDATA[]]></system-err>
</testsuite>
