<?xml version="1.0" encoding="UTF-8"?>
<testsuite name="Game.BoardTest" tests="20" skipped="0" failures="0" errors="0" timestamp="2019-04-28T20:30:18" hostname="dmn" time="0.032">
  <properties/>
  <testcase name="assertAddPlayerTokenColumnOverload" classname="Game.BoardTest" time="0.001"/>
  <testcase name="assertCheckPlayerInGamePositive" classname="Game.BoardTest" time="0.001"/>
  <testcase name="assertCheckPlayerInGameNegative" classname="Game.BoardTest" time="0.0"/>
  <testcase name="assertGenerateEmptyBoard" classname="Game.BoardTest" time="0.001"/>
  <testcase name="assertAddPlayerNoExistingColor" classname="Game.BoardTest" time="0.0"/>
  <testcase name="assertAddPlayerTokenPositive" classname="Game.BoardTest" time="0.001"/>
  <testcase name="removeTokenPositive(1, 2, 3, 4, 5) [0]" classname="Game.BoardTest" time="0.0"/>
  <testcase name="removeTokenPositive(1, 1, 1, 1, 1) [1]" classname="Game.BoardTest" time="0.0"/>
  <testcase name="removeTokenPositive(1, 2, 2, 1, 2) [2]" classname="Game.BoardTest" time="0.001"/>
  <testcase name="removeTokenNegative(1, 2, 3, 4, 5) [0]" classname="Game.BoardTest" time="0.009"/>
  <testcase name="removeTokenNegative(1, 1, 1, 1, 1) [1]" classname="Game.BoardTest" time="0.0"/>
  <testcase name="removeTokenNegative(1, 2, 2, 1, 2) [2]" classname="Game.BoardTest" time="0.001"/>
  <testcase name="assertAddPlayerTokenPositive2Rows" classname="Game.BoardTest" time="0.002"/>
  <testcase name="assertAddPlayerTokenOutOfBound" classname="Game.BoardTest" time="0.001"/>
  <testcase name="assertAddDuplicatePlayer" classname="Game.BoardTest" time="0.0"/>
  <testcase name="assertAddPlayerPositive" classname="Game.BoardTest" time="0.002"/>
  <testcase name="assertAddPlayerTokenOutOfBound2" classname="Game.BoardTest" time="0.0"/>
  <testcase name="assertCustomBoardSizeConstructor" classname="Game.BoardTest" time="0.002"/>
  <testcase name="addTokenNoExistingPlayer" classname="Game.BoardTest" time="0.001"/>
  <testcase name="assertIllegalBoardSize" classname="Game.BoardTest" time="0.002"/>
  <system-out><![CDATA[]]></system-out>
  <system-err><![CDATA[]]></system-err>
</testsuite>
