<?xml version="1.0" encoding="UTF-8"?>
<testsuite name="Game.ScoreCsvTest" tests="4" skipped="0" failures="0" errors="0" timestamp="2019-04-28T20:30:19" hostname="dmn" time="0.009">
  <properties/>
  <testcase name="readFromFileTest" classname="Game.ScoreCsvTest" time="0.002"/>
  <testcase name="readFromNotExistingFileCatchError" classname="Game.ScoreCsvTest" time="0.002"/>
  <testcase name="saveScoreToFileTest" classname="Game.ScoreCsvTest" time="0.0"/>
  <testcase name="writeToFileExceptionCatchTest" classname="Game.ScoreCsvTest" time="0.003"/>
  <system-out><![CDATA[]]></system-out>
  <system-err><![CDATA[]]></system-err>
</testsuite>
