<?xml version="1.0" encoding="UTF-8"?>
<testsuite name="Game.TerminalColorTest" tests="2" skipped="0" failures="0" errors="0" timestamp="2019-04-28T20:30:19" hostname="dmn" time="0.003">
  <properties/>
  <testcase name="wrongColorErrorTest" classname="Game.TerminalColorTest" time="0.002"/>
  <testcase name="properTestCalls" classname="Game.TerminalColorTest" time="0.0"/>
  <system-out><![CDATA[]]></system-out>
  <system-err><![CDATA[]]></system-err>
</testsuite>
