<?xml version="1.0" encoding="UTF-8"?>
<testsuite name="Game.BoardFieldTest" tests="8" skipped="0" failures="0" errors="0" timestamp="2019-04-28T20:30:19" hostname="dmn" time="0.012">
  <properties/>
  <testcase name="assertConstructorColor" classname="Game.BoardFieldTest" time="0.0"/>
  <testcase name="assertSettingBackgroundColorPositive" classname="Game.BoardFieldTest" time="0.0"/>
  <testcase name="assertUserChar" classname="Game.BoardFieldTest" time="0.0"/>
  <testcase name="assertColorChangeWrongFormatException_2" classname="Game.BoardFieldTest" time="0.003"/>
  <testcase name="assertBoardLowerLine" classname="Game.BoardFieldTest" time="0.0"/>
  <testcase name="assertBoardUpperLine" classname="Game.BoardFieldTest" time="0.0"/>
  <testcase name="assertColorChangeWrongFormatException" classname="Game.BoardFieldTest" time="0.0"/>
  <testcase name="assertSetPlayerColorPositive" classname="Game.BoardFieldTest" time="0.0"/>
  <system-out><![CDATA[]]></system-out>
  <system-err><![CDATA[]]></system-err>
</testsuite>
