<?xml version="1.0" encoding="UTF-8"?>
<testsuite name="Game.GameManagerTest" tests="19" skipped="0" failures="0" errors="0" timestamp="2019-04-28T20:30:18" hostname="dmn" time="0.743">
  <properties/>
  <testcase name="startGameTest" classname="Game.GameManagerTest" time="0.569"/>
  <testcase name="savingGameTest(s, d, s, s, d, s, o, src/test/save1.test) [0]" classname="Game.GameManagerTest" time="0.06"/>
  <testcase name="saveWinnerLoserToLeadBoardTest(s, d, s, s, d, s, s, d, s, s, d, s) [0]" classname="Game.GameManagerTest" time="0.004"/>
  <testcase name="setUpGameTestDefaultBoardSize" classname="Game.GameManagerTest" time="0.002"/>
  <testcase name="makeDrawTest(s, d, s, d, d, s, d, d, d, s, d, d, d, d, s, d, d, d, d, d, s, d, d, d, d, d, d, s, d, d, d, d, d, s, d, d, d, d, d, d, s, d, d, d, s, d, d, d, d, s, d, s, d, d, s, d, s, s, s, d, d, d, s, d, d, s, d, d, d, d, s, d, d, d, d, d, s, d, d, d, d, d, d, s, s, d, s, d, d, s, d, d, d, s, d, d, d, d, s, d, d, d, d, d, s, d, d, d, d, d, d, s, s, d, s, d, d, s, d, d, d, s, d, d, d, d, s, d, d, d, d, d, s, d, d, d, d, d, d, s, s, d, d, s, d, s, d, d, d, d, d, d, s, d, d, d, d, d, s, d, d, d, d, s, d, d, d, s) [0]" classname="Game.GameManagerTest" time="0.047"/>
  <testcase name="turnBackMoveTest" classname="Game.GameManagerTest" time="0.008"/>
  <testcase name="setUpGameTestDCustomBoardSize" classname="Game.GameManagerTest" time="0.002"/>
  <testcase name="putTokenColumnOverload" classname="Game.GameManagerTest" time="0.004"/>
  <testcase name="addPlayersTestPositive(janusz,red,karol,blue) [0]" classname="Game.GameManagerTest" time="0.01"/>
  <testcase name="addPlayersTestPositive(player1,purple,player2,yellow) [1]" classname="Game.GameManagerTest" time="0.007"/>
  <testcase name="addPlayersTestPositive(ja,blue,ty,red) [2]" classname="Game.GameManagerTest" time="0.005"/>
  <testcase name="makePlayerMoveToRightAndLeftTest(d, d, d, d, d, d, d, d, s, 6) [0]" classname="Game.GameManagerTest" time="0.002"/>
  <testcase name="makePlayerMoveToRightAndLeftTest(d, d, d, d, d, a, a, a, a, a, a, s, 0) [1]" classname="Game.GameManagerTest" time="0.002"/>
  <testcase name="makePlayerMoveToRightAndLeftTest(d, d, d, a, d, d, d, a, s, 4) [2]" classname="Game.GameManagerTest" time="0.002"/>
  <testcase name="addPlayersTestNegative(janusz,kolor red,karol,blue, Color is invalid) [0]" classname="Game.GameManagerTest" time="0.002"/>
  <testcase name="addPlayersTestNegative(p1,blue,p1,red red, This player is alredy in game) [1]" classname="Game.GameManagerTest" time="0.003"/>
  <testcase name="getWinnerTest" classname="Game.GameManagerTest" time="0.002"/>
  <testcase name="loadFileCatchException" classname="Game.GameManagerTest" time="0.0"/>
  <testcase name="setUpGameTestInvalidBoardSize" classname="Game.GameManagerTest" time="0.002"/>
  <system-out><![CDATA[]]></system-out>
  <system-err><![CDATA[Apr 28, 2019 10:30:18 PM com.mongodb.diagnostics.logging.JULLogger log
INFO: Cluster created with settings {hosts=[127.0.0.1:27017], mode=SINGLE, requiredClusterType=UNKNOWN, serverSelectionTimeout='30000 ms', maxWaitQueueSize=500}
Apr 28, 2019 10:30:18 PM com.mongodb.diagnostics.logging.JULLogger log
INFO: Exception in monitor thread while connecting to server 127.0.0.1:27017
com.mongodb.MongoSocketOpenException: Exception opening socket
	at com.mongodb.connection.SocketStream.open(SocketStream.java:63)
	at com.mongodb.connection.InternalStreamConnection.open(InternalStreamConnection.java:115)
	at com.mongodb.connection.DefaultServerMonitor$ServerMonitorRunnable.run(DefaultServerMonitor.java:116)
	at java.base/java.lang.Thread.run(Thread.java:844)
Caused by: java.net.ConnectException: Connection refused (Connection refused)
	at java.base/java.net.PlainSocketImpl.socketConnect(Native Method)
	at java.base/java.net.AbstractPlainSocketImpl.doConnect(AbstractPlainSocketImpl.java:400)
	at java.base/java.net.AbstractPlainSocketImpl.connectToAddress(AbstractPlainSocketImpl.java:243)
	at java.base/java.net.AbstractPlainSocketImpl.connect(AbstractPlainSocketImpl.java:225)
	at java.base/java.net.SocksSocketImpl.connect(SocksSocketImpl.java:402)
	at java.base/java.net.Socket.connect(Socket.java:591)
	at com.mongodb.connection.SocketStreamHelper.initialize(SocketStreamHelper.java:50)
	at com.mongodb.connection.SocketStream.open(SocketStream.java:58)
	... 3 more

]]></system-err>
</testsuite>
